[2019-08-20 15:47:36][HqwOESRAWl9vqHfqoklDn8Zm8vCTo9UX] Processing: App\Jobs\Test
[2019-08-20 15:47:36][HqwOESRAWl9vqHfqoklDn8Zm8vCTo9UX] Processing: App\Jobs\Test
[2019-08-20 15:47:36][HqwOESRAWl9vqHfqoklDn8Zm8vCTo9UX] Processing: App\Jobs\Test
[2019-08-20 15:47:36][HqwOESRAWl9vqHfqoklDn8Zm8vCTo9UX] Failed:     App\Jobs\Test
[2019-08-20 15:48:04][AQj0DKB5UxeUGEbSoRYTMe05oXDutlXZ] Processing: App\Jobs\Test
[2019-08-20 15:48:04][AQj0DKB5UxeUGEbSoRYTMe05oXDutlXZ] Processing: App\Jobs\Test
[2019-08-20 15:48:04][AQj0DKB5UxeUGEbSoRYTMe05oXDutlXZ] Processing: App\Jobs\Test
[2019-08-20 15:48:04][AQj0DKB5UxeUGEbSoRYTMe05oXDutlXZ] Failed:     App\Jobs\Test
[2019-08-20 15:48:58][9PN2zNcDdaUjBzjXp3eZLuvjIjOeRqMS] Processing: App\Jobs\Test
[2019-08-20 15:48:58][9PN2zNcDdaUjBzjXp3eZLuvjIjOeRqMS] Failed:     App\Jobs\Test
[2019-08-20 15:51:04][WZ7S5LWdvDW78ZD3gKasH2L8R4SAwKvl] Processing: App\Jobs\Test
[2019-08-20 15:51:04][WZ7S5LWdvDW78ZD3gKasH2L8R4SAwKvl] Processing: App\Jobs\Test
[2019-08-20 15:51:04][WZ7S5LWdvDW78ZD3gKasH2L8R4SAwKvl] Processing: App\Jobs\Test
[2019-08-20 15:51:04][WZ7S5LWdvDW78ZD3gKasH2L8R4SAwKvl] Failed:     App\Jobs\Test
[2019-08-20 15:51:19][CAQCvvJmaM7Bj1slF0AgoB6D11az17U2] Processing: App\Jobs\Test
[2019-08-20 15:51:19][CAQCvvJmaM7Bj1slF0AgoB6D11az17U2] Processing: App\Jobs\Test
[2019-08-20 15:51:19][CAQCvvJmaM7Bj1slF0AgoB6D11az17U2] Processing: App\Jobs\Test
[2019-08-20 15:51:19][CAQCvvJmaM7Bj1slF0AgoB6D11az17U2] Failed:     App\Jobs\Test
[2019-08-20 15:51:49][bC88EvxLOEyTJ1Cx00rBqcDiOo9J1o4D] Processing: App\Jobs\Test
[2019-08-20 15:51:49][bC88EvxLOEyTJ1Cx00rBqcDiOo9J1o4D] Processing: App\Jobs\Test
[2019-08-20 15:51:49][bC88EvxLOEyTJ1Cx00rBqcDiOo9J1o4D] Processing: App\Jobs\Test
[2019-08-20 15:51:49][bC88EvxLOEyTJ1Cx00rBqcDiOo9J1o4D] Failed:     App\Jobs\Test
[2019-08-20 15:52:00][sNt0umC5FzA7PyczzSP7DwRDAGr0Wvya] Processing: App\Jobs\Test
[2019-08-20 15:52:00][sNt0umC5FzA7PyczzSP7DwRDAGr0Wvya] Failed:     App\Jobs\Test
[2019-08-20 15:54:10][ATN0RwfyigSBiFvKh0DXXLOlU8Xxi6P1] Processing: App\Jobs\Test
ddddddddd[2019-08-20 15:54:10][ATN0RwfyigSBiFvKh0DXXLOlU8Xxi6P1] Processing: App\Jobs\Test
ddddddddd[2019-08-20 15:54:10][ATN0RwfyigSBiFvKh0DXXLOlU8Xxi6P1] Processing: App\Jobs\Test
ddddddddd[2019-08-20 15:54:10][ATN0RwfyigSBiFvKh0DXXLOlU8Xxi6P1] Failed:     App\Jobs\Test
[2019-08-20 15:54:46][ptPKxN9Hkiq6kzq4Sz9SI3xVt1HZb9YL] Processing: App\Jobs\Test
ddddddddd[2019-08-20 15:54:46][ptPKxN9Hkiq6kzq4Sz9SI3xVt1HZb9YL] Processing: App\Jobs\Test
ddddddddd[2019-08-20 15:54:46][ptPKxN9Hkiq6kzq4Sz9SI3xVt1HZb9YL] Processing: App\Jobs\Test
ddddddddd[2019-08-20 15:54:46][ptPKxN9Hkiq6kzq4Sz9SI3xVt1HZb9YL] Failed:     App\Jobs\Test
[2019-08-20 15:56:03][P0N5VNt8HVaZjKmXjExvRK4zvBnfNXLf] Processing: App\Jobs\Test
ddddddddd[2019-08-20 15:56:03][P0N5VNt8HVaZjKmXjExvRK4zvBnfNXLf] Processing: App\Jobs\Test
ddddddddd[2019-08-20 15:56:03][P0N5VNt8HVaZjKmXjExvRK4zvBnfNXLf] Processing: App\Jobs\Test
ddddddddd[2019-08-20 15:56:03][P0N5VNt8HVaZjKmXjExvRK4zvBnfNXLf] Failed:     App\Jobs\Test
[2019-08-20 15:57:24][f6uw9e2FgJCrR5ct7V9oIe2Ne4kOE0BD] Processing: App\Jobs\Test
ddddddddd[2019-08-20 15:57:24][f6uw9e2FgJCrR5ct7V9oIe2Ne4kOE0BD] Processing: App\Jobs\Test
ddddddddd[2019-08-20 15:57:24][f6uw9e2FgJCrR5ct7V9oIe2Ne4kOE0BD] Processing: App\Jobs\Test
ddddddddd[2019-08-20 15:57:24][f6uw9e2FgJCrR5ct7V9oIe2Ne4kOE0BD] Failed:     App\Jobs\Test
[2019-08-20 15:58:45][6j31fNHaKanyNAcwM0FTxK3nAAkkISNc] Processing: App\Jobs\Test
ddddddddd[2019-08-20 15:58:45][6j31fNHaKanyNAcwM0FTxK3nAAkkISNc] Processed:  App\Jobs\Test
[2019-08-20 16:06:26][vcQptfbAn6Nba0pOrCZzsZmemqsRn4pR] Processing: App\Jobs\Test
ddddddddd[2019-08-20 16:06:26][vcQptfbAn6Nba0pOrCZzsZmemqsRn4pR] Processed:  App\Jobs\Test
[2019-08-20 16:07:03][6zyzgHy4rR0uCzK07fFJgcXMxTxtsugi] Processing: App\Jobs\Test
ddddddddd[2019-08-20 16:07:03][6zyzgHy4rR0uCzK07fFJgcXMxTxtsugi] Processing: App\Jobs\Test
ddddddddd[2019-08-20 16:07:03][6zyzgHy4rR0uCzK07fFJgcXMxTxtsugi] Processing: App\Jobs\Test
ddddddddd[2019-08-20 16:07:03][6zyzgHy4rR0uCzK07fFJgcXMxTxtsugi] Failed:     App\Jobs\Test
[2019-08-20 16:16:16][M5vb0cnVim2s41YGLRGVG2pVfA9hZIWl] Processing: App\Notifications\MyVerified
[2019-08-20 16:16:17][M5vb0cnVim2s41YGLRGVG2pVfA9hZIWl] Processed:  App\Notifications\MyVerified
[2019-08-20 16:17:13][30QZrAzUDCBrb6PauRdzBhLu4sTDtkpp] Processing: App\Notifications\MyVerified
[2019-08-20 16:17:15][30QZrAzUDCBrb6PauRdzBhLu4sTDtkpp] Processed:  App\Notifications\MyVerified
[2019-08-20 16:18:54][YEy39uCL8n6l2NG7ZLxo7WvDxnyj8rjE] Processing: App\Notifications\MyVerified
[2019-08-20 16:18:55][YEy39uCL8n6l2NG7ZLxo7WvDxnyj8rjE] Processed:  App\Notifications\MyVerified
[2019-08-20 17:02:25][np7r7W2IYMeEOYzoTtviDMEiK5HuH3HW] Processing: App\Notifications\MyVerified
[2019-08-20 17:02:27][np7r7W2IYMeEOYzoTtviDMEiK5HuH3HW] Processed:  App\Notifications\MyVerified
[2019-08-20 17:07:42][jE9eURQbYYPDu2JcXnmnpGffPKJ6WDsG] Processing: App\Notifications\MyVerified
[2019-08-20 17:07:43][jE9eURQbYYPDu2JcXnmnpGffPKJ6WDsG] Processed:  App\Notifications\MyVerified
[2019-08-20 17:09:15][CIc7AGD8uwyCXK8NEwCWKx6elYkqDrfe] Processing: App\Notifications\MyVerified
[2019-08-20 17:09:16][CIc7AGD8uwyCXK8NEwCWKx6elYkqDrfe] Processed:  App\Notifications\MyVerified
[2019-08-20 17:10:38][zDWdkoWNgMMqCM7y1HUYUyRlaJqZmLg6] Processing: App\Notifications\MyVerified
[2019-08-20 17:10:39][zDWdkoWNgMMqCM7y1HUYUyRlaJqZmLg6] Processed:  App\Notifications\MyVerified
[2019-08-20 17:11:18][PAok7hXEItcB6cxWNcRiDiqpuBxX2Wtn] Processing: App\Notifications\MyVerified
[2019-08-20 17:11:20][PAok7hXEItcB6cxWNcRiDiqpuBxX2Wtn] Processed:  App\Notifications\MyVerified
[2019-08-20 17:14:20][th7Qah6jB3mLbBaMEcJmmMOW8RPAPuwf] Processing: App\Notifications\MyVerified
[2019-08-20 17:14:21][th7Qah6jB3mLbBaMEcJmmMOW8RPAPuwf] Processed:  App\Notifications\MyVerified
[2019-08-20 17:42:10][YbJ5OOgK8n3BcWDZykDsLQTdZwt2DxaH] Processing: App\Notifications\MyVerified
[2019-08-20 17:42:12][YbJ5OOgK8n3BcWDZykDsLQTdZwt2DxaH] Processed:  App\Notifications\MyVerified
